<?xml version="1.0" encoding="UTF-8"?>
<testsuite name="TestScenario4" tests="1" skipped="0" failures="0" errors="0" timestamp="2017-03-30T02:24:04" hostname="Kimberly-Perezs-MacBook-Pro.local" time="0.001">
  <properties/>
  <testcase name="test1" classname="TestScenario4" time="0.001"/>
  <system-out><![CDATA[]]></system-out>
  <system-err><![CDATA[]]></system-err>
</testsuite>
